<?xml version="1.0" encoding="UTF-8"?>
<testng-results ignored="0" total="3" passed="3" failed="0" skipped="0">
  <reporter-output>
  </reporter-output>
  <suite started-at="2021-01-23T19:39:41 IST" name="Suite" finished-at="2021-01-23T19:41:20 IST" duration-ms="98600">
    <groups>
    </groups>
    <test started-at="2021-01-23T19:39:41 IST" name="Test2" finished-at="2021-01-23T19:40:13 IST" duration-ms="31598">
      <class name="SeleniumFramework.E2EProject.validateNavigationBar">
        <test-method is-config="true" signature="intialize()[pri:0, instance:SeleniumFramework.E2EProject.validateNavigationBar@45dd4eda]" started-at="2021-01-23T19:39:41 IST" name="intialize" finished-at="2021-01-23T19:40:10 IST" duration-ms="28606" status="PASS">
          <reporter-output>
          </reporter-output>
        </test-method> <!-- intialize -->
        <test-method signature="basePageNavigation()[pri:0, instance:SeleniumFramework.E2EProject.validateNavigationBar@45dd4eda]" started-at="2021-01-23T19:40:10 IST" name="basePageNavigation" finished-at="2021-01-23T19:40:11 IST" duration-ms="952" status="PASS">
          <reporter-output>
          </reporter-output>
        </test-method> <!-- basePageNavigation -->
        <test-method is-config="true" signature="tearDown()[pri:0, instance:SeleniumFramework.E2EProject.validateNavigationBar@45dd4eda]" started-at="2021-01-23T19:40:11 IST" name="tearDown" finished-at="2021-01-23T19:40:13 IST" duration-ms="1928" status="PASS">
          <reporter-output>
          </reporter-output>
        </test-method> <!-- tearDown -->
      </class> <!-- SeleniumFramework.E2EProject.validateNavigationBar -->
    </test> <!-- Test2 -->
    <test started-at="2021-01-23T19:40:14 IST" name="Test3" finished-at="2021-01-23T19:41:00 IST" duration-ms="46690">
      <class name="SeleniumFramework.E2EProject.User_Info">
        <test-method is-config="true" signature="intialize()[pri:0, instance:SeleniumFramework.E2EProject.User_Info@7fc2413d]" started-at="2021-01-23T19:40:14 IST" name="intialize" finished-at="2021-01-23T19:40:51 IST" duration-ms="37715" status="PASS">
          <reporter-output>
          </reporter-output>
        </test-method> <!-- intialize -->
        <test-method signature="userDetails()[pri:0, instance:SeleniumFramework.E2EProject.User_Info@7fc2413d]" started-at="2021-01-23T19:40:51 IST" name="userDetails" finished-at="2021-01-23T19:40:58 IST" duration-ms="6541" status="PASS">
          <reporter-output>
          </reporter-output>
        </test-method> <!-- userDetails -->
        <test-method is-config="true" signature="tearDown()[pri:0, instance:SeleniumFramework.E2EProject.User_Info@7fc2413d]" started-at="2021-01-23T19:40:58 IST" name="tearDown" finished-at="2021-01-23T19:41:00 IST" duration-ms="2432" status="PASS">
          <reporter-output>
          </reporter-output>
        </test-method> <!-- tearDown -->
      </class> <!-- SeleniumFramework.E2EProject.User_Info -->
    </test> <!-- Test3 -->
    <test started-at="2021-01-23T19:41:01 IST" name="Test4" finished-at="2021-01-23T19:41:20 IST" duration-ms="19230">
      <class name="SeleniumFramework.E2EProject.Flight_Booking">
        <test-method is-config="true" signature="intialize()[pri:0, instance:SeleniumFramework.E2EProject.Flight_Booking@7d3a22a9]" started-at="2021-01-23T19:41:01 IST" name="intialize" finished-at="2021-01-23T19:41:15 IST" duration-ms="13957" status="PASS">
          <reporter-output>
          </reporter-output>
        </test-method> <!-- intialize -->
        <test-method signature="selectFlight()[pri:0, instance:SeleniumFramework.E2EProject.Flight_Booking@7d3a22a9]" started-at="2021-01-23T19:41:15 IST" name="selectFlight" finished-at="2021-01-23T19:41:19 IST" duration-ms="4616" status="PASS">
          <reporter-output>
          </reporter-output>
        </test-method> <!-- selectFlight -->
        <test-method is-config="true" signature="tearDown()[pri:0, instance:SeleniumFramework.E2EProject.Flight_Booking@7d3a22a9]" started-at="2021-01-23T19:41:19 IST" name="tearDown" finished-at="2021-01-23T19:41:20 IST" duration-ms="655" status="PASS">
          <reporter-output>
          </reporter-output>
        </test-method> <!-- tearDown -->
      </class> <!-- SeleniumFramework.E2EProject.Flight_Booking -->
    </test> <!-- Test4 -->
  </suite> <!-- Suite -->
</testng-results>
