<?xml version="1.0" encoding="UTF-8"?>
<testng-results ignored="0" total="1" passed="1" failed="0" skipped="0">
  <reporter-output>
  </reporter-output>
  <suite started-at="2021-01-23T19:36:47 IST" name="Default suite" finished-at="2021-01-23T19:37:04 IST" duration-ms="17047">
    <groups>
    </groups>
    <test started-at="2021-01-23T19:36:47 IST" name="Default test" finished-at="2021-01-23T19:37:04 IST" duration-ms="17047">
      <class name="SeleniumFramework.E2EProject.LoginPageNavigation">
        <test-method is-config="true" signature="intialize()[pri:0, instance:SeleniumFramework.E2EProject.LoginPageNavigation@4a22f9e2]" started-at="2021-01-23T19:36:47 IST" name="intialize" finished-at="2021-01-23T19:37:00 IST" duration-ms="13004" status="PASS">
          <reporter-output>
          </reporter-output>
        </test-method> <!-- intialize -->
        <test-method signature="homePageNavigation()[pri:0, instance:SeleniumFramework.E2EProject.LoginPageNavigation@4a22f9e2]" started-at="2021-01-23T19:37:00 IST" name="homePageNavigation" finished-at="2021-01-23T19:37:04 IST" duration-ms="3466" status="PASS">
          <reporter-output>
          </reporter-output>
        </test-method> <!-- homePageNavigation -->
        <test-method is-config="true" signature="tearDown()[pri:0, instance:SeleniumFramework.E2EProject.LoginPageNavigation@4a22f9e2]" started-at="2021-01-23T19:37:04 IST" name="tearDown" finished-at="2021-01-23T19:37:04 IST" duration-ms="203" status="PASS">
          <reporter-output>
          </reporter-output>
        </test-method> <!-- tearDown -->
      </class> <!-- SeleniumFramework.E2EProject.LoginPageNavigation -->
    </test> <!-- Default test -->
  </suite> <!-- Default suite -->
</testng-results>
